<?xml version="1.0" encoding="UTF-8"?>
<testng-results skipped="0" failed="0" total="1" passed="1">
  <reporter-output>
  </reporter-output>
  <suite name="Default suite" duration-ms="2231" started-at="2015-06-26T20:22:02Z" finished-at="2015-06-26T20:22:04Z">
    <groups>
    </groups>
    <test name="Default test" duration-ms="2231" started-at="2015-06-26T20:22:02Z" finished-at="2015-06-26T20:22:04Z">
      <class name="SearchAPI.ITunesSearchAPITest5">
        <test-method status="PASS" signature="searchValidTerm()[pri:0, instance:SearchAPI.ITunesSearchAPITest5@1ef7fe8e]" name="searchValidTerm" duration-ms="2212" started-at="2015-06-26T13:22:02Z" finished-at="2015-06-26T13:22:04Z">
          <reporter-output>
          </reporter-output>
        </test-method> <!-- searchValidTerm -->
      </class> <!-- SearchAPI.ITunesSearchAPITest5 -->
    </test> <!-- Default test -->
  </suite> <!-- Default suite -->
</testng-results>
